<?xml version="1.0" encoding="UTF-8"?>
<!-- Generated by org.testng.reporters.JUnitXMLReporter -->
<testsuite hostname="Balus-MBP" ignored="0" name="Test Case-1" tests="6" failures="0" timestamp="2020-05-10T14:43:59 EDT" time="0.108" errors="0">
  <testcase name="@BeforeClass startTest" time="0.061" classname="com.iPivot.RestLearning.RestLearning.RestAPICode">
    <failure type="java.lang.NoClassDefFoundError" message="freemarker/template/TemplateModelException">
      <![CDATA[java.lang.NoClassDefFoundError: freemarker/template/TemplateModelException
at com.relevantcodes.extentreports.ExtentReports.<init>(ExtentReports.java:86)
at com.relevantcodes.extentreports.ExtentReports.<init>(ExtentReports.java:420)
at com.iPivot.RestLearning.RestLearning.RestAPICode.startTest(RestAPICode.java:41)
at java.util.ArrayList.forEach(ArrayList.java:1257)
Caused by: java.lang.ClassNotFoundException: freemarker.template.TemplateModelException
at java.net.URLClassLoader.findClass(URLClassLoader.java:382)
at java.lang.ClassLoader.loadClass(ClassLoader.java:418)
at sun.misc.Launcher$AppClassLoader.loadClass(Launcher.java:355)
at java.lang.ClassLoader.loadClass(ClassLoader.java:351)
... 28 more
... Removed 24 stack frames]]>
    </failure>
  </testcase> <!-- @BeforeClass startTest -->
  <testcase name="@BeforeGroups beforeeachtestcase2" time="-1.589136239571E9" classname="com.iPivot.RestLearning.RestLearning.RestAPICode">
    <skipped/>
  </testcase> <!-- @BeforeGroups beforeeachtestcase2 -->
  <testcase name="@AfterGroups aftereachtest2" time="-1.589136239574E9" classname="com.iPivot.RestLearning.RestLearning.RestAPICode">
    <skipped/>
  </testcase> <!-- @AfterGroups aftereachtest2 -->
  <testcase name="@BeforeGroups beforeeachtestcase1" time="-1.589136239581E9" classname="com.iPivot.RestLearning.RestLearning.RestAPICode">
    <skipped/>
  </testcase> <!-- @BeforeGroups beforeeachtestcase1 -->
  <testcase name="@AfterGroups aftereachtest1" time="-1.589136239582E9" classname="com.iPivot.RestLearning.RestLearning.RestAPICode">
    <skipped/>
  </testcase> <!-- @AfterGroups aftereachtest1 -->
  <testcase name="@AfterClass endTest" time="-1.589136239583E9" classname="com.iPivot.RestLearning.RestLearning.RestAPICode">
    <skipped/>
  </testcase> <!-- @AfterClass endTest -->
  <testcase name="RegistrationSuccessful" time="0.0" classname="com.iPivot.RestLearning.RestLearning.RestAPICode">
    <skipped/>
  </testcase> <!-- RegistrationSuccessful -->
  <testcase name="getWeather" time="0.0" classname="com.iPivot.RestLearning.RestLearning.RestAPICode">
    <skipped/>
  </testcase> <!-- getWeather -->
  <testcase name="getWeather" time="0.0" classname="com.iPivot.RestLearning.RestLearning.RestAPICode">
    <skipped/>
  </testcase> <!-- getWeather -->
  <testcase name="getWeather" time="0.0" classname="com.iPivot.RestLearning.RestLearning.RestAPICode">
    <skipped/>
  </testcase> <!-- getWeather -->
  <testcase name="getWeather" time="0.0" classname="com.iPivot.RestLearning.RestLearning.RestAPICode">
    <skipped/>
  </testcase> <!-- getWeather -->
  <testcase name="getWeather" time="0.0" classname="com.iPivot.RestLearning.RestLearning.RestAPICode">
    <skipped/>
  </testcase> <!-- getWeather -->
</testsuite> <!-- Test Case-1 -->
