<?xml version="1.0" encoding="UTF-8"?>
<!-- Generated by org.testng.reporters.JUnitXMLReporter -->
<testsuite hostname="Balus-MBP" ignored="0" name="Default test" tests="6" failures="0" timestamp="2020-05-10T21:11:21 EDT" time="8.124" errors="0">
  <testcase name="RegistrationSuccessful" time="3.948" classname="com.iPivot.RestLearning.RestLearning.RestAPICode"/>
  <testcase name="getWeather" time="1.347" classname="com.iPivot.RestLearning.RestLearning.RestAPICode"/>
  <testcase name="getWeather" time="0.49" classname="com.iPivot.RestLearning.RestLearning.RestAPICode"/>
  <testcase name="getWeather" time="0.326" classname="com.iPivot.RestLearning.RestLearning.RestAPICode"/>
  <testcase name="getWeather" time="0.338" classname="com.iPivot.RestLearning.RestLearning.RestAPICode"/>
  <testcase name="getWeather" time="0.335" classname="com.iPivot.RestLearning.RestLearning.RestAPICode"/>
</testsuite> <!-- Default test -->
