<?xml version="1.0" encoding="UTF-8"?>
<!-- Generated by org.testng.reporters.JUnitXMLReporter -->
<testsuite hostname="Balus-MBP" ignored="0" name="Login Feauture testing" tests="6" failures="0" timestamp="2020-05-17T10:56:12 EDT" time="5.831" errors="0">
  <testcase name="RegistrationSuccessful" time="2.391" classname="com.iPivot.RestLearning.Test.RestAPICode"/>
  <testcase name="getWeather" time="0.882" classname="com.iPivot.RestLearning.Test.RestAPICode"/>
  <testcase name="getWeather" time="0.696" classname="com.iPivot.RestLearning.Test.RestAPICode"/>
  <testcase name="getWeather" time="0.334" classname="com.iPivot.RestLearning.Test.RestAPICode"/>
  <testcase name="getWeather" time="0.587" classname="com.iPivot.RestLearning.Test.RestAPICode"/>
  <testcase name="getWeather" time="0.324" classname="com.iPivot.RestLearning.Test.RestAPICode"/>
</testsuite> <!-- Login Feauture testing -->
