<?xml version="1.0" encoding="UTF-8"?>
<!-- Generated by org.testng.reporters.JUnitXMLReporter -->
<testsuite hostname="Balus-MBP" ignored="0" name="Login Feauture testing" tests="6" failures="0" timestamp="2020-05-17T13:30:24 EDT" time="5.71" errors="0">
  <testcase name="RegistrationSuccessful" time="2.61" classname="com.iPivot.RestLearning.Test.RestAPICode"/>
  <testcase name="getWeather" time="0.889" classname="com.iPivot.RestLearning.Test.RestAPICode"/>
  <testcase name="getWeather" time="0.305" classname="com.iPivot.RestLearning.Test.RestAPICode"/>
  <testcase name="getWeather" time="0.313" classname="com.iPivot.RestLearning.Test.RestAPICode"/>
  <testcase name="getWeather" time="0.447" classname="com.iPivot.RestLearning.Test.RestAPICode"/>
  <testcase name="getWeather" time="0.334" classname="com.iPivot.RestLearning.Test.RestAPICode"/>
</testsuite> <!-- Login Feauture testing -->
