<?xml version="1.0" encoding="UTF-8"?>
<!-- Generated by org.testng.reporters.JUnitXMLReporter -->
<testsuite hostname="Balus-MBP" ignored="0" name="Login Feauture testing" tests="6" failures="0" timestamp="2020-05-16T22:41:56 EDT" time="6.028" errors="0">
  <testcase name="RegistrationSuccessful" time="2.809" classname="com.iPivot.RestLearning.RestLearning.RestAPICode"/>
  <testcase name="getWeather" time="1.064" classname="com.iPivot.RestLearning.RestLearning.RestAPICode"/>
  <testcase name="getWeather" time="0.362" classname="com.iPivot.RestLearning.RestLearning.RestAPICode"/>
  <testcase name="getWeather" time="0.36" classname="com.iPivot.RestLearning.RestLearning.RestAPICode"/>
  <testcase name="getWeather" time="0.331" classname="com.iPivot.RestLearning.RestLearning.RestAPICode"/>
  <testcase name="getWeather" time="0.304" classname="com.iPivot.RestLearning.RestLearning.RestAPICode"/>
</testsuite> <!-- Login Feauture testing -->
