<?xml version="1.0" encoding="UTF-8"?>
<!-- Generated by org.testng.reporters.JUnitXMLReporter -->
<testsuite hostname="Balus-MBP" ignored="0" name="Login Feauture testing" tests="6" failures="0" timestamp="2020-05-17T13:30:26 EDT" time="1.952" errors="0">
  <testcase name="RegistrationSuccessful" time="0.236" classname="com.iPivot.RestLearning.Test.RestAPICode"/>
  <testcase name="getWeather" time="0.307" classname="com.iPivot.RestLearning.Test.RestAPICode"/>
  <testcase name="getWeather" time="0.28" classname="com.iPivot.RestLearning.Test.RestAPICode"/>
  <testcase name="getWeather" time="0.485" classname="com.iPivot.RestLearning.Test.RestAPICode"/>
  <testcase name="getWeather" time="0.286" classname="com.iPivot.RestLearning.Test.RestAPICode"/>
  <testcase name="getWeather" time="0.289" classname="com.iPivot.RestLearning.Test.RestAPICode"/>
</testsuite> <!-- Login Feauture testing -->
