<?xml version="1.0" encoding="UTF-8"?>
<testng-results skipped="0" failed="0" ignored="0" total="6" passed="6">
  <reporter-output>
  </reporter-output>
  <suite name="Regression Suite" duration-ms="5831" started-at="2020-05-17T10:56:06 EDT" finished-at="2020-05-17T10:56:12 EDT">
    <groups>
      <group name="weather">
        <method signature="RestAPICode.getWeather(java.lang.String)[pri:0, instance:com.iPivot.RestLearning.Test.RestAPICode@2ef5e5e3]" name="getWeather" class="com.iPivot.RestLearning.Test.RestAPICode"/>
      </group> <!-- weather -->
      <group name="login">
        <method signature="RestAPICode.RegistrationSuccessful()[pri:0, instance:com.iPivot.RestLearning.Test.RestAPICode@2ef5e5e3]" name="RegistrationSuccessful" class="com.iPivot.RestLearning.Test.RestAPICode"/>
      </group> <!-- login -->
    </groups>
    <test name="Login Feauture testing" duration-ms="5831" started-at="2020-05-17T10:56:06 EDT" finished-at="2020-05-17T10:56:12 EDT">
      <class name="com.iPivot.RestLearning.Test.RestAPICode">
        <test-method status="PASS" signature="startTest()[pri:0, instance:com.iPivot.RestLearning.Test.RestAPICode@2ef5e5e3]" name="startTest" is-config="true" duration-ms="194" started-at="2020-05-17T10:56:06 EDT" finished-at="2020-05-17T10:56:06 EDT">
          <reporter-output>
          </reporter-output>
        </test-method> <!-- startTest -->
        <test-method status="PASS" signature="beforeeachtestcase2()[pri:0, instance:com.iPivot.RestLearning.Test.RestAPICode@2ef5e5e3]" name="beforeeachtestcase2" is-config="true" duration-ms="5" started-at="2020-05-17T10:56:06 EDT" finished-at="2020-05-17T10:56:06 EDT">
          <reporter-output>
          </reporter-output>
        </test-method> <!-- beforeeachtestcase2 -->
        <test-method status="PASS" signature="RegistrationSuccessful()[pri:0, instance:com.iPivot.RestLearning.Test.RestAPICode@2ef5e5e3]" name="RegistrationSuccessful" duration-ms="2391" started-at="2020-05-17T10:56:06 EDT" finished-at="2020-05-17T10:56:09 EDT">
          <reporter-output>
          </reporter-output>
        </test-method> <!-- RegistrationSuccessful -->
        <test-method status="PASS" signature="aftereachtest2()[pri:0, instance:com.iPivot.RestLearning.Test.RestAPICode@2ef5e5e3]" name="aftereachtest2" is-config="true" duration-ms="3" started-at="2020-05-17T10:56:09 EDT" finished-at="2020-05-17T10:56:09 EDT">
          <reporter-output>
          </reporter-output>
        </test-method> <!-- aftereachtest2 -->
        <test-method status="PASS" signature="beforeeachtestcase1()[pri:0, instance:com.iPivot.RestLearning.Test.RestAPICode@2ef5e5e3]" name="beforeeachtestcase1" is-config="true" duration-ms="0" started-at="2020-05-17T10:56:09 EDT" finished-at="2020-05-17T10:56:09 EDT">
          <reporter-output>
          </reporter-output>
        </test-method> <!-- beforeeachtestcase1 -->
        <test-method status="PASS" signature="getWeather(java.lang.String)[pri:0, instance:com.iPivot.RestLearning.Test.RestAPICode@2ef5e5e3]" name="getWeather" duration-ms="882" started-at="2020-05-17T10:56:09 EDT" data-provider="locations" finished-at="2020-05-17T10:56:10 EDT">
          <params>
            <param index="0">
              <value>
                <![CDATA[chennai]]>
              </value>
            </param>
          </params>
          <reporter-output>
          </reporter-output>
        </test-method> <!-- getWeather -->
        <test-method status="PASS" signature="getWeather(java.lang.String)[pri:0, instance:com.iPivot.RestLearning.Test.RestAPICode@2ef5e5e3]" name="getWeather" duration-ms="696" started-at="2020-05-17T10:56:10 EDT" data-provider="locations" finished-at="2020-05-17T10:56:10 EDT">
          <params>
            <param index="0">
              <value>
                <![CDATA[newark]]>
              </value>
            </param>
          </params>
          <reporter-output>
          </reporter-output>
        </test-method> <!-- getWeather -->
        <test-method status="PASS" signature="getWeather(java.lang.String)[pri:0, instance:com.iPivot.RestLearning.Test.RestAPICode@2ef5e5e3]" name="getWeather" duration-ms="334" started-at="2020-05-17T10:56:10 EDT" data-provider="locations" finished-at="2020-05-17T10:56:11 EDT">
          <params>
            <param index="0">
              <value>
                <![CDATA[coimbatore]]>
              </value>
            </param>
          </params>
          <reporter-output>
          </reporter-output>
        </test-method> <!-- getWeather -->
        <test-method status="PASS" signature="getWeather(java.lang.String)[pri:0, instance:com.iPivot.RestLearning.Test.RestAPICode@2ef5e5e3]" name="getWeather" duration-ms="587" started-at="2020-05-17T10:56:11 EDT" data-provider="locations" finished-at="2020-05-17T10:56:11 EDT">
          <params>
            <param index="0">
              <value>
                <![CDATA[switzerland]]>
              </value>
            </param>
          </params>
          <reporter-output>
          </reporter-output>
        </test-method> <!-- getWeather -->
        <test-method status="PASS" signature="getWeather(java.lang.String)[pri:0, instance:com.iPivot.RestLearning.Test.RestAPICode@2ef5e5e3]" name="getWeather" duration-ms="324" started-at="2020-05-17T10:56:11 EDT" data-provider="locations" finished-at="2020-05-17T10:56:12 EDT">
          <params>
            <param index="0">
              <value>
                <![CDATA[singapore]]>
              </value>
            </param>
          </params>
          <reporter-output>
          </reporter-output>
        </test-method> <!-- getWeather -->
        <test-method status="PASS" signature="aftereachtest1()[pri:0, instance:com.iPivot.RestLearning.Test.RestAPICode@2ef5e5e3]" name="aftereachtest1" is-config="true" duration-ms="1" started-at="2020-05-17T10:56:12 EDT" finished-at="2020-05-17T10:56:12 EDT">
          <reporter-output>
          </reporter-output>
        </test-method> <!-- aftereachtest1 -->
        <test-method status="PASS" signature="endTest()[pri:0, instance:com.iPivot.RestLearning.Test.RestAPICode@2ef5e5e3]" name="endTest" is-config="true" duration-ms="344" started-at="2020-05-17T10:56:12 EDT" finished-at="2020-05-17T10:56:12 EDT">
          <reporter-output>
          </reporter-output>
        </test-method> <!-- endTest -->
      </class> <!-- com.iPivot.RestLearning.Test.RestAPICode -->
    </test> <!-- Login Feauture testing -->
  </suite> <!-- Regression Suite -->
</testng-results>
