<?xml version="1.0" encoding="UTF-8"?>
<testng-results skipped="0" failed="0" ignored="0" total="12" passed="12">
  <reporter-output>
  </reporter-output>
  <suite name="Production Tests" duration-ms="0" started-at="2020-05-17T13:30:26 EDT" finished-at="2020-05-17T13:30:26 EDT">
    <groups>
    </groups>
  </suite> <!-- Production Tests -->
  <suite name="smoke testing Suite" duration-ms="1952" started-at="2020-05-17T13:30:24 EDT" finished-at="2020-05-17T13:30:26 EDT">
    <groups>
      <group name="weather">
        <method signature="RestAPICode.getWeather(java.lang.String)[pri:0, instance:com.iPivot.RestLearning.Test.RestAPICode@4f933fd1]" name="getWeather" class="com.iPivot.RestLearning.Test.RestAPICode"/>
      </group> <!-- weather -->
      <group name="login">
        <method signature="RestAPICode.RegistrationSuccessful()[pri:0, instance:com.iPivot.RestLearning.Test.RestAPICode@4f933fd1]" name="RegistrationSuccessful" class="com.iPivot.RestLearning.Test.RestAPICode"/>
      </group> <!-- login -->
    </groups>
    <test name="Login Feauture testing" duration-ms="1952" started-at="2020-05-17T13:30:24 EDT" finished-at="2020-05-17T13:30:26 EDT">
      <class name="com.iPivot.RestLearning.Test.RestAPICode">
        <test-method status="PASS" signature="startTest()[pri:0, instance:com.iPivot.RestLearning.Test.RestAPICode@4f933fd1]" name="startTest" is-config="true" duration-ms="4" started-at="2020-05-17T13:30:24 EDT" finished-at="2020-05-17T13:30:24 EDT">
          <reporter-output>
          </reporter-output>
        </test-method> <!-- startTest -->
        <test-method status="PASS" signature="beforeeachtestcase2()[pri:0, instance:com.iPivot.RestLearning.Test.RestAPICode@4f933fd1]" name="beforeeachtestcase2" is-config="true" duration-ms="1" started-at="2020-05-17T13:30:24 EDT" finished-at="2020-05-17T13:30:24 EDT">
          <reporter-output>
          </reporter-output>
        </test-method> <!-- beforeeachtestcase2 -->
        <test-method status="PASS" signature="RegistrationSuccessful()[pri:0, instance:com.iPivot.RestLearning.Test.RestAPICode@4f933fd1]" name="RegistrationSuccessful" duration-ms="236" started-at="2020-05-17T13:30:24 EDT" finished-at="2020-05-17T13:30:24 EDT">
          <reporter-output>
          </reporter-output>
        </test-method> <!-- RegistrationSuccessful -->
        <test-method status="PASS" signature="aftereachtest2()[pri:0, instance:com.iPivot.RestLearning.Test.RestAPICode@4f933fd1]" name="aftereachtest2" is-config="true" duration-ms="0" started-at="2020-05-17T13:30:24 EDT" finished-at="2020-05-17T13:30:24 EDT">
          <reporter-output>
          </reporter-output>
        </test-method> <!-- aftereachtest2 -->
        <test-method status="PASS" signature="getWeather(java.lang.String)[pri:0, instance:com.iPivot.RestLearning.Test.RestAPICode@4f933fd1]" name="getWeather" duration-ms="307" started-at="2020-05-17T13:30:24 EDT" data-provider="locations" finished-at="2020-05-17T13:30:24 EDT">
          <params>
            <param index="0">
              <value>
                <![CDATA[chennai]]>
              </value>
            </param>
          </params>
          <reporter-output>
          </reporter-output>
        </test-method> <!-- getWeather -->
        <test-method status="PASS" signature="beforeeachtestcase1()[pri:0, instance:com.iPivot.RestLearning.Test.RestAPICode@4f933fd1]" name="beforeeachtestcase1" is-config="true" duration-ms="0" started-at="2020-05-17T13:30:24 EDT" finished-at="2020-05-17T13:30:24 EDT">
          <reporter-output>
          </reporter-output>
        </test-method> <!-- beforeeachtestcase1 -->
        <test-method status="PASS" signature="getWeather(java.lang.String)[pri:0, instance:com.iPivot.RestLearning.Test.RestAPICode@4f933fd1]" name="getWeather" duration-ms="280" started-at="2020-05-17T13:30:24 EDT" data-provider="locations" finished-at="2020-05-17T13:30:25 EDT">
          <params>
            <param index="0">
              <value>
                <![CDATA[newark]]>
              </value>
            </param>
          </params>
          <reporter-output>
          </reporter-output>
        </test-method> <!-- getWeather -->
        <test-method status="PASS" signature="getWeather(java.lang.String)[pri:0, instance:com.iPivot.RestLearning.Test.RestAPICode@4f933fd1]" name="getWeather" duration-ms="485" started-at="2020-05-17T13:30:25 EDT" data-provider="locations" finished-at="2020-05-17T13:30:25 EDT">
          <params>
            <param index="0">
              <value>
                <![CDATA[coimbatore]]>
              </value>
            </param>
          </params>
          <reporter-output>
          </reporter-output>
        </test-method> <!-- getWeather -->
        <test-method status="PASS" signature="getWeather(java.lang.String)[pri:0, instance:com.iPivot.RestLearning.Test.RestAPICode@4f933fd1]" name="getWeather" duration-ms="286" started-at="2020-05-17T13:30:25 EDT" data-provider="locations" finished-at="2020-05-17T13:30:26 EDT">
          <params>
            <param index="0">
              <value>
                <![CDATA[switzerland]]>
              </value>
            </param>
          </params>
          <reporter-output>
          </reporter-output>
        </test-method> <!-- getWeather -->
        <test-method status="PASS" signature="getWeather(java.lang.String)[pri:0, instance:com.iPivot.RestLearning.Test.RestAPICode@4f933fd1]" name="getWeather" duration-ms="289" started-at="2020-05-17T13:30:26 EDT" data-provider="locations" finished-at="2020-05-17T13:30:26 EDT">
          <params>
            <param index="0">
              <value>
                <![CDATA[singapore]]>
              </value>
            </param>
          </params>
          <reporter-output>
          </reporter-output>
        </test-method> <!-- getWeather -->
        <test-method status="PASS" signature="endTest()[pri:0, instance:com.iPivot.RestLearning.Test.RestAPICode@4f933fd1]" name="endTest" is-config="true" duration-ms="56" started-at="2020-05-17T13:30:26 EDT" finished-at="2020-05-17T13:30:26 EDT">
          <reporter-output>
          </reporter-output>
        </test-method> <!-- endTest -->
        <test-method status="PASS" signature="aftereachtest1()[pri:0, instance:com.iPivot.RestLearning.Test.RestAPICode@4f933fd1]" name="aftereachtest1" is-config="true" duration-ms="0" started-at="2020-05-17T13:30:26 EDT" finished-at="2020-05-17T13:30:26 EDT">
          <reporter-output>
          </reporter-output>
        </test-method> <!-- aftereachtest1 -->
      </class> <!-- com.iPivot.RestLearning.Test.RestAPICode -->
    </test> <!-- Login Feauture testing -->
  </suite> <!-- smoke testing Suite -->
  <suite name="Regression Suite" duration-ms="5710" started-at="2020-05-17T13:30:18 EDT" finished-at="2020-05-17T13:30:24 EDT">
    <groups>
      <group name="weather">
        <method signature="RestAPICode.getWeather(java.lang.String)[pri:0, instance:com.iPivot.RestLearning.Test.RestAPICode@573f2bb1]" name="getWeather" class="com.iPivot.RestLearning.Test.RestAPICode"/>
      </group> <!-- weather -->
      <group name="login">
        <method signature="RestAPICode.RegistrationSuccessful()[pri:0, instance:com.iPivot.RestLearning.Test.RestAPICode@573f2bb1]" name="RegistrationSuccessful" class="com.iPivot.RestLearning.Test.RestAPICode"/>
      </group> <!-- login -->
    </groups>
    <test name="Login Feauture testing" duration-ms="5710" started-at="2020-05-17T13:30:18 EDT" finished-at="2020-05-17T13:30:24 EDT">
      <class name="com.iPivot.RestLearning.Test.RestAPICode">
        <test-method status="PASS" signature="startTest()[pri:0, instance:com.iPivot.RestLearning.Test.RestAPICode@573f2bb1]" name="startTest" is-config="true" duration-ms="297" started-at="2020-05-17T13:30:18 EDT" finished-at="2020-05-17T13:30:19 EDT">
          <reporter-output>
          </reporter-output>
        </test-method> <!-- startTest -->
        <test-method status="PASS" signature="beforeeachtestcase2()[pri:0, instance:com.iPivot.RestLearning.Test.RestAPICode@573f2bb1]" name="beforeeachtestcase2" is-config="true" duration-ms="4" started-at="2020-05-17T13:30:19 EDT" finished-at="2020-05-17T13:30:19 EDT">
          <reporter-output>
          </reporter-output>
        </test-method> <!-- beforeeachtestcase2 -->
        <test-method status="PASS" signature="RegistrationSuccessful()[pri:0, instance:com.iPivot.RestLearning.Test.RestAPICode@573f2bb1]" name="RegistrationSuccessful" duration-ms="2610" started-at="2020-05-17T13:30:19 EDT" finished-at="2020-05-17T13:30:21 EDT">
          <reporter-output>
          </reporter-output>
        </test-method> <!-- RegistrationSuccessful -->
        <test-method status="PASS" signature="aftereachtest2()[pri:0, instance:com.iPivot.RestLearning.Test.RestAPICode@573f2bb1]" name="aftereachtest2" is-config="true" duration-ms="3" started-at="2020-05-17T13:30:21 EDT" finished-at="2020-05-17T13:30:21 EDT">
          <reporter-output>
          </reporter-output>
        </test-method> <!-- aftereachtest2 -->
        <test-method status="PASS" signature="beforeeachtestcase1()[pri:0, instance:com.iPivot.RestLearning.Test.RestAPICode@573f2bb1]" name="beforeeachtestcase1" is-config="true" duration-ms="1" started-at="2020-05-17T13:30:21 EDT" finished-at="2020-05-17T13:30:21 EDT">
          <reporter-output>
          </reporter-output>
        </test-method> <!-- beforeeachtestcase1 -->
        <test-method status="PASS" signature="getWeather(java.lang.String)[pri:0, instance:com.iPivot.RestLearning.Test.RestAPICode@573f2bb1]" name="getWeather" duration-ms="889" started-at="2020-05-17T13:30:21 EDT" data-provider="locations" finished-at="2020-05-17T13:30:22 EDT">
          <params>
            <param index="0">
              <value>
                <![CDATA[chennai]]>
              </value>
            </param>
          </params>
          <reporter-output>
          </reporter-output>
        </test-method> <!-- getWeather -->
        <test-method status="PASS" signature="getWeather(java.lang.String)[pri:0, instance:com.iPivot.RestLearning.Test.RestAPICode@573f2bb1]" name="getWeather" duration-ms="305" started-at="2020-05-17T13:30:22 EDT" data-provider="locations" finished-at="2020-05-17T13:30:22 EDT">
          <params>
            <param index="0">
              <value>
                <![CDATA[newark]]>
              </value>
            </param>
          </params>
          <reporter-output>
          </reporter-output>
        </test-method> <!-- getWeather -->
        <test-method status="PASS" signature="getWeather(java.lang.String)[pri:0, instance:com.iPivot.RestLearning.Test.RestAPICode@573f2bb1]" name="getWeather" duration-ms="313" started-at="2020-05-17T13:30:22 EDT" data-provider="locations" finished-at="2020-05-17T13:30:23 EDT">
          <params>
            <param index="0">
              <value>
                <![CDATA[coimbatore]]>
              </value>
            </param>
          </params>
          <reporter-output>
          </reporter-output>
        </test-method> <!-- getWeather -->
        <test-method status="PASS" signature="getWeather(java.lang.String)[pri:0, instance:com.iPivot.RestLearning.Test.RestAPICode@573f2bb1]" name="getWeather" duration-ms="447" started-at="2020-05-17T13:30:23 EDT" data-provider="locations" finished-at="2020-05-17T13:30:23 EDT">
          <params>
            <param index="0">
              <value>
                <![CDATA[switzerland]]>
              </value>
            </param>
          </params>
          <reporter-output>
          </reporter-output>
        </test-method> <!-- getWeather -->
        <test-method status="PASS" signature="getWeather(java.lang.String)[pri:0, instance:com.iPivot.RestLearning.Test.RestAPICode@573f2bb1]" name="getWeather" duration-ms="334" started-at="2020-05-17T13:30:23 EDT" data-provider="locations" finished-at="2020-05-17T13:30:23 EDT">
          <params>
            <param index="0">
              <value>
                <![CDATA[singapore]]>
              </value>
            </param>
          </params>
          <reporter-output>
          </reporter-output>
        </test-method> <!-- getWeather -->
        <test-method status="PASS" signature="aftereachtest1()[pri:0, instance:com.iPivot.RestLearning.Test.RestAPICode@573f2bb1]" name="aftereachtest1" is-config="true" duration-ms="4" started-at="2020-05-17T13:30:23 EDT" finished-at="2020-05-17T13:30:23 EDT">
          <reporter-output>
          </reporter-output>
        </test-method> <!-- aftereachtest1 -->
        <test-method status="PASS" signature="endTest()[pri:0, instance:com.iPivot.RestLearning.Test.RestAPICode@573f2bb1]" name="endTest" is-config="true" duration-ms="453" started-at="2020-05-17T13:30:23 EDT" finished-at="2020-05-17T13:30:24 EDT">
          <reporter-output>
          </reporter-output>
        </test-method> <!-- endTest -->
      </class> <!-- com.iPivot.RestLearning.Test.RestAPICode -->
    </test> <!-- Login Feauture testing -->
  </suite> <!-- Regression Suite -->
</testng-results>
